<testsuites id="" name="" tests="64" failures="28" skipped="0" errors="0" time="67.35581">
<testsuite name="auth.spec.ts" timestamp="2026-08-23T17:13:04.969Z" hostname="chromium" tests="8" failures="6" skipped="0" time="31.176" errors="0">
<testcase name="OIDC Authentication › should show login page when not authenticated" classname="auth.spec.ts" time="6.108">
<system-err>
<![CDATA[
Warning: attachment auth-OIDC-Authentication-s-ff6a5-page-when-not-authenticated-chromium/test-failed-1.png is missing
Warning: attachment auth-OIDC-Authentication-s-ff6a5-page-when-not-authenticated-chromium/video.webm is missing
Warning: attachment auth-OIDC-Authentication-s-ff6a5-page-when-not-authenticated-chromium/error-context.md is missing]]>
</system-err>
<failure message="expect(locator).toContainText(expected) failed" type="expect.toContainText">
<![CDATA[  [chromium] › auth.spec.ts:4:3 › OIDC Authentication › should show login page when not authenticated 

    Error: expect(locator).toContainText(expected) failed

    Locator: locator('h1')
    Expected substring: "maisonnettev2"
    Timeout: 5000ms
    Error: element(s) not found

    Call log:
      - Expect "toContainText" with timeout 5000ms
      - waiting for locator('h1')


       5 |     await page.goto('/login');
       6 |
    >  7 |     await expect(page.locator('h1')).toContainText('maisonnettev2');
         |                                      ^
       8 |     await expect(page.locator('button', { hasText: 'Se connecter avec Email' })).toBeVisible();
       9 |     await expect(page.locator('button', { hasText: 'Google' })).toBeVisible();
      10 |     await expect(page.locator('button', { hasText: 'GitHub' })).toBeVisible();
        at /Volumes/logousb/SSD/Projects/maisonnettev2/frontend/tests/e2e/auth.spec.ts:7:38

    attachment #1: screenshot (image/png) ──────────────────────────────────────────────────────────
    ../../test-results/auth-OIDC-Authentication-s-ff6a5-page-when-not-authenticated-chromium/test-failed-1.png
    ────────────────────────────────────────────────────────────────────────────────────────────────

    attachment #2: video (video/webm) ──────────────────────────────────────────────────────────────
    ../../test-results/auth-OIDC-Authentication-s-ff6a5-page-when-not-authenticated-chromium/video.webm
    ────────────────────────────────────────────────────────────────────────────────────────────────

    Error Context: ../../test-results/auth-OIDC-Authentication-s-ff6a5-page-when-not-authenticated-chromium/error-context.md
]]>
</failure>
</testcase>
<testcase name="OIDC Authentication › should redirect to login when accessing protected page without auth" classname="auth.spec.ts" time="6.092">
<system-err>
<![CDATA[
Warning: attachment auth-OIDC-Authentication-s-d413a-protected-page-without-auth-chromium/test-failed-1.png is missing
Warning: attachment auth-OIDC-Authentication-s-d413a-protected-page-without-auth-chromium/video.webm is missing
Warning: attachment auth-OIDC-Authentication-s-d413a-protected-page-without-auth-chromium/error-context.md is missing]]>
</system-err>
<failure message="expect(locator).toBeVisible() failed" type="expect.toBeVisible">
<![CDATA[  [chromium] › auth.spec.ts:13:3 › OIDC Authentication › should redirect to login when accessing protected page without auth 

    Error: expect(locator).toBeVisible() failed

    Locator: locator('button:has-text("Se connecter")').first()
    Expected: visible
    Timeout: 5000ms
    Error: element(s) not found

    Call log:
      - Expect "toBeVisible" with timeout 5000ms
      - waiting for locator('button:has-text("Se connecter")').first()


      16 |     // Check if redirected or shows login section
      17 |     const loginButton = page.locator('button:has-text("Se connecter")').first();
    > 18 |     await expect(loginButton).toBeVisible({ timeout: 5000 });
         |                               ^
      19 |   });
      20 |
      21 |   test('should display home page when authenticated (mock)', async ({ page }) => {
        at /Volumes/logousb/SSD/Projects/maisonnettev2/frontend/tests/e2e/auth.spec.ts:18:31

    attachment #1: screenshot (image/png) ──────────────────────────────────────────────────────────
    ../../test-results/auth-OIDC-Authentication-s-d413a-protected-page-without-auth-chromium/test-failed-1.png
    ────────────────────────────────────────────────────────────────────────────────────────────────

    attachment #2: video (video/webm) ──────────────────────────────────────────────────────────────
    ../../test-results/auth-OIDC-Authentication-s-d413a-protected-page-without-auth-chromium/video.webm
    ────────────────────────────────────────────────────────────────────────────────────────────────

    Error Context: ../../test-results/auth-OIDC-Authentication-s-d413a-protected-page-without-auth-chromium/error-context.md
]]>
</failure>
</testcase>
<testcase name="OIDC Authentication › should display home page when authenticated (mock)" classname="auth.spec.ts" time="6.212">
<system-err>
<![CDATA[
Warning: attachment auth-OIDC-Authentication-s-8c97b-ge-when-authenticated-mock--chromium/test-failed-1.png is missing
Warning: attachment auth-OIDC-Authentication-s-8c97b-ge-when-authenticated-mock--chromium/video.webm is missing
Warning: attachment auth-OIDC-Authentication-s-8c97b-ge-when-authenticated-mock--chromium/error-context.md is missing]]>
</system-err>
<failure message="expect(locator).toContainText(expected) failed" type="expect.toContainText">
<![CDATA[  [chromium] › auth.spec.ts:21:3 › OIDC Authentication › should display home page when authenticated (mock) 

    Error: expect(locator).toContainText(expected) failed

    Locator: locator('h2')
    Expected substring: "Nos Gîtes"
    Timeout: 5000ms
    Error: element(s) not found

    Call log:
      - Expect "toContainText" with timeout 5000ms
      - waiting for locator('h2')


      25 |
      26 |     // Should see gites heading
    > 27 |     await expect(page.locator('h2')).toContainText('Nos Gîtes');
         |                                      ^
      28 |   });
      29 |
      30 |   test('localStorage should persist after login flow (mock)', async ({ page, context }) => {
        at /Volumes/logousb/SSD/Projects/maisonnettev2/frontend/tests/e2e/auth.spec.ts:27:38

    attachment #1: screenshot (image/png) ──────────────────────────────────────────────────────────
    ../../test-results/auth-OIDC-Authentication-s-8c97b-ge-when-authenticated-mock--chromium/test-failed-1.png
    ────────────────────────────────────────────────────────────────────────────────────────────────

    attachment #2: video (video/webm) ──────────────────────────────────────────────────────────────
    ../../test-results/auth-OIDC-Authentication-s-8c97b-ge-when-authenticated-mock--chromium/video.webm
    ────────────────────────────────────────────────────────────────────────────────────────────────

    Error Context: ../../test-results/auth-OIDC-Authentication-s-8c97b-ge-when-authenticated-mock--chromium/error-context.md
]]>
</failure>
</testcase>
<testcase name="OIDC Authentication › localStorage should persist after login flow (mock)" classname="auth.spec.ts" time="0.794">
</testcase>
<testcase name="OIDC Authentication › should handle logout" classname="auth.spec.ts" time="0.198">
</testcase>
<testcase name="Login Page Accessibility › should have proper heading hierarchy" classname="auth.spec.ts" time="5.474">
<system-err>
<![CDATA[
Warning: attachment auth-Login-Page-Accessibil-252f4-ve-proper-heading-hierarchy-chromium/test-failed-1.png is missing
Warning: attachment auth-Login-Page-Accessibil-252f4-ve-proper-heading-hierarchy-chromium/video.webm is missing
Warning: attachment auth-Login-Page-Accessibil-252f4-ve-proper-heading-hierarchy-chromium/error-context.md is missing]]>
</system-err>
<failure message="expect(locator).toHaveCount(expected) failed" type="expect.toHaveCount">
<![CDATA[  [chromium] › auth.spec.ts:90:3 › Login Page Accessibility › should have proper heading hierarchy ─

    Error: expect(locator).toHaveCount(expected) failed

    Locator:  locator('h1')
    Expected: 1
    Received: 0
    Timeout:  5000ms

    Call log:
      - Expect "toHaveCount" with timeout 5000ms
      - waiting for locator('h1')
        14 × locator resolved to 0 elements
           - unexpected value "0"


      94 |     const h2s = page.locator('h2');
      95 |
    > 96 |     await expect(h1).toHaveCount(1);
         |                      ^
      97 |     await expect(h1).toContainText('maisonnettev2');
      98 |   });
      99 |
        at /Volumes/logousb/SSD/Projects/maisonnettev2/frontend/tests/e2e/auth.spec.ts:96:22

    attachment #1: screenshot (image/png) ──────────────────────────────────────────────────────────
    ../../test-results/auth-Login-Page-Accessibil-252f4-ve-proper-heading-hierarchy-chromium/test-failed-1.png
    ────────────────────────────────────────────────────────────────────────────────────────────────

    attachment #2: video (video/webm) ──────────────────────────────────────────────────────────────
    ../../test-results/auth-Login-Page-Accessibil-252f4-ve-proper-heading-hierarchy-chromium/video.webm
    ────────────────────────────────────────────────────────────────────────────────────────────────

    Error Context: ../../test-results/auth-Login-Page-Accessibil-252f4-ve-proper-heading-hierarchy-chromium/error-context.md
]]>
</failure>
</testcase>
<testcase name="Login Page Accessibility › should have accessible buttons" classname="auth.spec.ts" time="0.498">
<system-err>
<![CDATA[
Warning: attachment auth-Login-Page-Accessibility-should-have-accessible-buttons-chromium/test-failed-1.png is missing
Warning: attachment auth-Login-Page-Accessibility-should-have-accessible-buttons-chromium/video.webm is missing
Warning: attachment auth-Login-Page-Accessibility-should-have-accessible-buttons-chromium/error-context.md is missing]]>
</system-err>
<failure message="expect(received).toBeGreaterThan(expected)" type="expect.toBeGreaterThan">
<![CDATA[  [chromium] › auth.spec.ts:100:3 › Login Page Accessibility › should have accessible buttons ──────

    Error: expect(received).toBeGreaterThan(expected)

    Expected: > 0
    Received:   0

      104 |     const count = await buttons.count();
      105 |
    > 106 |     expect(count).toBeGreaterThan(0);
          |                   ^
      107 |
      108 |     // All buttons should have visible text
      109 |     for (let i = 0; i < count; i++) {
        at /Volumes/logousb/SSD/Projects/maisonnettev2/frontend/tests/e2e/auth.spec.ts:106:19

    attachment #1: screenshot (image/png) ──────────────────────────────────────────────────────────
    ../../test-results/auth-Login-Page-Accessibility-should-have-accessible-buttons-chromium/test-failed-1.png
    ────────────────────────────────────────────────────────────────────────────────────────────────

    attachment #2: video (video/webm) ──────────────────────────────────────────────────────────────
    ../../test-results/auth-Login-Page-Accessibility-should-have-accessible-buttons-chromium/video.webm
    ────────────────────────────────────────────────────────────────────────────────────────────────

    Error Context: ../../test-results/auth-Login-Page-Accessibility-should-have-accessible-buttons-chromium/error-context.md
]]>
</failure>
</testcase>
<testcase name="Login Page Accessibility › should be responsive on mobile" classname="auth.spec.ts" time="5.8">
<system-err>
<![CDATA[
Warning: attachment auth-Login-Page-Accessibility-should-be-responsive-on-mobile-chromium/test-failed-1.png is missing
Warning: attachment auth-Login-Page-Accessibility-should-be-responsive-on-mobile-chromium/video.webm is missing
Warning: attachment auth-Login-Page-Accessibility-should-be-responsive-on-mobile-chromium/error-context.md is missing]]>
</system-err>
<failure message="expect(locator).toBeVisible() failed" type="expect.toBeVisible">
<![CDATA[  [chromium] › auth.spec.ts:115:3 › Login Page Accessibility › should be responsive on mobile ──────

    Error: expect(locator).toBeVisible() failed

    Locator: locator('h1')
    Expected: visible
    Timeout: 5000ms
    Error: element(s) not found

    Call log:
      - Expect "toBeVisible" with timeout 5000ms
      - waiting for locator('h1')


      118 |     await page.goto('/login');
      119 |
    > 120 |     await expect(page.locator('h1')).toBeVisible();
          |                                      ^
      121 |     await expect(page.locator('button').first()).toBeVisible();
      122 |   });
      123 | });
        at /Volumes/logousb/SSD/Projects/maisonnettev2/frontend/tests/e2e/auth.spec.ts:120:38

    attachment #1: screenshot (image/png) ──────────────────────────────────────────────────────────
    ../../test-results/auth-Login-Page-Accessibility-should-be-responsive-on-mobile-chromium/test-failed-1.png
    ────────────────────────────────────────────────────────────────────────────────────────────────

    attachment #2: video (video/webm) ──────────────────────────────────────────────────────────────
    ../../test-results/auth-Login-Page-Accessibility-should-be-responsive-on-mobile-chromium/video.webm
    ────────────────────────────────────────────────────────────────────────────────────────────────

    Error Context: ../../test-results/auth-Login-Page-Accessibility-should-be-responsive-on-mobile-chromium/error-context.md
]]>
</failure>
</testcase>
</testsuite>
<testsuite name="gites.spec.ts" timestamp="2026-08-23T17:13:04.969Z" hostname="chromium" tests="8" failures="1" skipped="0" time="17.878" errors="0">
<testcase name="Gites Listing › should display gites on home page" classname="gites.spec.ts" time="5.824">
<system-err>
<![CDATA[
Warning: attachment gites-Gites-Listing-should-display-gites-on-home-page-chromium/test-failed-1.png is missing
Warning: attachment gites-Gites-Listing-should-display-gites-on-home-page-chromium/video.webm is missing
Warning: attachment gites-Gites-Listing-should-display-gites-on-home-page-chromium/error-context.md is missing]]>
</system-err>
<failure message="expect(locator).toContainText(expected) failed" type="expect.toContainText">
<![CDATA[  [chromium] › gites.spec.ts:4:3 › Gites Listing › should display gites on home page ───────────────

    Error: expect(locator).toContainText(expected) failed

    Locator: locator('h2')
    Expected substring: "Nos Gîtes"
    Timeout: 5000ms
    Error: element(s) not found

    Call log:
      - Expect "toContainText" with timeout 5000ms
      - waiting for locator('h2')


       6 |
       7 |     // Check for heading
    >  8 |     await expect(page.locator('h2')).toContainText('Nos Gîtes');
         |                                      ^
       9 |
      10 |     // Should either show gites or loading state
      11 |     const giteCards = page.locator('[data-testid="gite-card"]');
        at /Volumes/logousb/SSD/Projects/maisonnettev2/frontend/tests/e2e/gites.spec.ts:8:38

    attachment #1: screenshot (image/png) ──────────────────────────────────────────────────────────
    ../../test-results/gites-Gites-Listing-should-display-gites-on-home-page-chromium/test-failed-1.png
    ────────────────────────────────────────────────────────────────────────────────────────────────

    attachment #2: video (video/webm) ──────────────────────────────────────────────────────────────
    ../../test-results/gites-Gites-Listing-should-display-gites-on-home-page-chromium/video.webm
    ────────────────────────────────────────────────────────────────────────────────────────────────

    Error Context: ../../test-results/gites-Gites-Listing-should-display-gites-on-home-page-chromium/error-context.md
]]>
</failure>
</testcase>
<testcase name="Gites Listing › should navigate to gite detail on click" classname="gites.spec.ts" time="2.31">
</testcase>
<testcase name="Gites Listing › should display gite properties in grid" classname="gites.spec.ts" time="2.307">
</testcase>
<testcase name="Gites Listing › should filter/search gites (if implemented)" classname="gites.spec.ts" time="0.173">
</testcase>
<testcase name="Gite Detail Page › should display gite information" classname="gites.spec.ts" time="2.305">
</testcase>
<testcase name="Gite Detail Page › should display photo gallery" classname="gites.spec.ts" time="2.352">
</testcase>
<testcase name="Gite Detail Page › should have back navigation" classname="gites.spec.ts" time="2.409">
</testcase>
<testcase name="Gite Detail Page › should show 404 for invalid gite" classname="gites.spec.ts" time="0.198">
</testcase>
</testsuite>
<testsuite name="auth.spec.ts" timestamp="2026-08-23T17:13:04.969Z" hostname="firefox" tests="8" failures="6" skipped="0" time="38.73" errors="0">
<testcase name="OIDC Authentication › should show login page when not authenticated" classname="auth.spec.ts" time="8.266">
<system-err>
<![CDATA[
Warning: attachment auth-OIDC-Authentication-s-ff6a5-page-when-not-authenticated-firefox/test-failed-1.png is missing
Warning: attachment auth-OIDC-Authentication-s-ff6a5-page-when-not-authenticated-firefox/video.webm is missing
Warning: attachment auth-OIDC-Authentication-s-ff6a5-page-when-not-authenticated-firefox/error-context.md is missing]]>
</system-err>
<failure message="expect(locator).toContainText(expected) failed" type="expect.toContainText">
<![CDATA[  [firefox] › auth.spec.ts:4:3 › OIDC Authentication › should show login page when not authenticated 

    Error: expect(locator).toContainText(expected) failed

    Locator: locator('h1')
    Expected substring: "maisonnettev2"
    Timeout: 5000ms
    Error: element(s) not found

    Call log:
      - Expect "toContainText" with timeout 5000ms
      - waiting for locator('h1')


       5 |     await page.goto('/login');
       6 |
    >  7 |     await expect(page.locator('h1')).toContainText('maisonnettev2');
         |                                      ^
       8 |     await expect(page.locator('button', { hasText: 'Se connecter avec Email' })).toBeVisible();
       9 |     await expect(page.locator('button', { hasText: 'Google' })).toBeVisible();
      10 |     await expect(page.locator('button', { hasText: 'GitHub' })).toBeVisible();
        at /Volumes/logousb/SSD/Projects/maisonnettev2/frontend/tests/e2e/auth.spec.ts:7:38

    attachment #1: screenshot (image/png) ──────────────────────────────────────────────────────────
    ../../test-results/auth-OIDC-Authentication-s-ff6a5-page-when-not-authenticated-firefox/test-failed-1.png
    ────────────────────────────────────────────────────────────────────────────────────────────────

    attachment #2: video (video/webm) ──────────────────────────────────────────────────────────────
    ../../test-results/auth-OIDC-Authentication-s-ff6a5-page-when-not-authenticated-firefox/video.webm
    ────────────────────────────────────────────────────────────────────────────────────────────────

    Error Context: ../../test-results/auth-OIDC-Authentication-s-ff6a5-page-when-not-authenticated-firefox/error-context.md
]]>
</failure>
</testcase>
<testcase name="OIDC Authentication › should redirect to login when accessing protected page without auth" classname="auth.spec.ts" time="7.086">
<system-err>
<![CDATA[
Warning: attachment auth-OIDC-Authentication-s-d413a-protected-page-without-auth-firefox/test-failed-1.png is missing
Warning: attachment auth-OIDC-Authentication-s-d413a-protected-page-without-auth-firefox/video.webm is missing
Warning: attachment auth-OIDC-Authentication-s-d413a-protected-page-without-auth-firefox/error-context.md is missing]]>
</system-err>
<failure message="expect(locator).toBeVisible() failed" type="expect.toBeVisible">
<![CDATA[  [firefox] › auth.spec.ts:13:3 › OIDC Authentication › should redirect to login when accessing protected page without auth 

    Error: expect(locator).toBeVisible() failed

    Locator: locator('button:has-text("Se connecter")').first()
    Expected: visible
    Timeout: 5000ms
    Error: element(s) not found

    Call log:
      - Expect "toBeVisible" with timeout 5000ms
      - waiting for locator('button:has-text("Se connecter")').first()


      16 |     // Check if redirected or shows login section
      17 |     const loginButton = page.locator('button:has-text("Se connecter")').first();
    > 18 |     await expect(loginButton).toBeVisible({ timeout: 5000 });
         |                               ^
      19 |   });
      20 |
      21 |   test('should display home page when authenticated (mock)', async ({ page }) => {
        at /Volumes/logousb/SSD/Projects/maisonnettev2/frontend/tests/e2e/auth.spec.ts:18:31

    attachment #1: screenshot (image/png) ──────────────────────────────────────────────────────────
    ../../test-results/auth-OIDC-Authentication-s-d413a-protected-page-without-auth-firefox/test-failed-1.png
    ────────────────────────────────────────────────────────────────────────────────────────────────

    attachment #2: video (video/webm) ──────────────────────────────────────────────────────────────
    ../../test-results/auth-OIDC-Authentication-s-d413a-protected-page-without-auth-firefox/video.webm
    ────────────────────────────────────────────────────────────────────────────────────────────────

    Error Context: ../../test-results/auth-OIDC-Authentication-s-d413a-protected-page-without-auth-firefox/error-context.md
]]>
</failure>
</testcase>
<testcase name="OIDC Authentication › should display home page when authenticated (mock)" classname="auth.spec.ts" time="7.22">
<system-err>
<![CDATA[
Warning: attachment auth-OIDC-Authentication-s-8c97b-ge-when-authenticated-mock--firefox/test-failed-1.png is missing
Warning: attachment auth-OIDC-Authentication-s-8c97b-ge-when-authenticated-mock--firefox/video.webm is missing
Warning: attachment auth-OIDC-Authentication-s-8c97b-ge-when-authenticated-mock--firefox/error-context.md is missing]]>
</system-err>
<failure message="expect(locator).toContainText(expected) failed" type="expect.toContainText">
<![CDATA[  [firefox] › auth.spec.ts:21:3 › OIDC Authentication › should display home page when authenticated (mock) 

    Error: expect(locator).toContainText(expected) failed

    Locator: locator('h2')
    Expected substring: "Nos Gîtes"
    Timeout: 5000ms
    Error: element(s) not found

    Call log:
      - Expect "toContainText" with timeout 5000ms
      - waiting for locator('h2')


      25 |
      26 |     // Should see gites heading
    > 27 |     await expect(page.locator('h2')).toContainText('Nos Gîtes');
         |                                      ^
      28 |   });
      29 |
      30 |   test('localStorage should persist after login flow (mock)', async ({ page, context }) => {
        at /Volumes/logousb/SSD/Projects/maisonnettev2/frontend/tests/e2e/auth.spec.ts:27:38

    attachment #1: screenshot (image/png) ──────────────────────────────────────────────────────────
    ../../test-results/auth-OIDC-Authentication-s-8c97b-ge-when-authenticated-mock--firefox/test-failed-1.png
    ────────────────────────────────────────────────────────────────────────────────────────────────

    attachment #2: video (video/webm) ──────────────────────────────────────────────────────────────
    ../../test-results/auth-OIDC-Authentication-s-8c97b-ge-when-authenticated-mock--firefox/video.webm
    ────────────────────────────────────────────────────────────────────────────────────────────────

    Error Context: ../../test-results/auth-OIDC-Authentication-s-8c97b-ge-when-authenticated-mock--firefox/error-context.md
]]>
</failure>
</testcase>
<testcase name="OIDC Authentication › localStorage should persist after login flow (mock)" classname="auth.spec.ts" time="2.999">
</testcase>
<testcase name="OIDC Authentication › should handle logout" classname="auth.spec.ts" time="0.32">
</testcase>
<testcase name="Login Page Accessibility › should have proper heading hierarchy" classname="auth.spec.ts" time="5.42">
<system-err>
<![CDATA[
Warning: attachment auth-Login-Page-Accessibil-252f4-ve-proper-heading-hierarchy-firefox/test-failed-1.png is missing
Warning: attachment auth-Login-Page-Accessibil-252f4-ve-proper-heading-hierarchy-firefox/video.webm is missing
Warning: attachment auth-Login-Page-Accessibil-252f4-ve-proper-heading-hierarchy-firefox/error-context.md is missing]]>
</system-err>
<failure message="expect(locator).toHaveCount(expected) failed" type="expect.toHaveCount">
<![CDATA[  [firefox] › auth.spec.ts:90:3 › Login Page Accessibility › should have proper heading hierarchy ──

    Error: expect(locator).toHaveCount(expected) failed

    Locator:  locator('h1')
    Expected: 1
    Received: 0
    Timeout:  5000ms

    Call log:
      - Expect "toHaveCount" with timeout 5000ms
      - waiting for locator('h1')
        14 × locator resolved to 0 elements
           - unexpected value "0"


      94 |     const h2s = page.locator('h2');
      95 |
    > 96 |     await expect(h1).toHaveCount(1);
         |                      ^
      97 |     await expect(h1).toContainText('maisonnettev2');
      98 |   });
      99 |
        at /Volumes/logousb/SSD/Projects/maisonnettev2/frontend/tests/e2e/auth.spec.ts:96:22

    attachment #1: screenshot (image/png) ──────────────────────────────────────────────────────────
    ../../test-results/auth-Login-Page-Accessibil-252f4-ve-proper-heading-hierarchy-firefox/test-failed-1.png
    ────────────────────────────────────────────────────────────────────────────────────────────────

    attachment #2: video (video/webm) ──────────────────────────────────────────────────────────────
    ../../test-results/auth-Login-Page-Accessibil-252f4-ve-proper-heading-hierarchy-firefox/video.webm
    ────────────────────────────────────────────────────────────────────────────────────────────────

    Error Context: ../../test-results/auth-Login-Page-Accessibil-252f4-ve-proper-heading-hierarchy-firefox/error-context.md
]]>
</failure>
</testcase>
<testcase name="Login Page Accessibility › should have accessible buttons" classname="auth.spec.ts" time="1.32">
<system-err>
<![CDATA[
Warning: attachment auth-Login-Page-Accessibility-should-have-accessible-buttons-firefox/test-failed-1.png is missing
Warning: attachment auth-Login-Page-Accessibility-should-have-accessible-buttons-firefox/video.webm is missing
Warning: attachment auth-Login-Page-Accessibility-should-have-accessible-buttons-firefox/error-context.md is missing]]>
</system-err>
<failure message="expect(received).toBeGreaterThan(expected)" type="expect.toBeGreaterThan">
<![CDATA[  [firefox] › auth.spec.ts:100:3 › Login Page Accessibility › should have accessible buttons ───────

    Error: expect(received).toBeGreaterThan(expected)

    Expected: > 0
    Received:   0

      104 |     const count = await buttons.count();
      105 |
    > 106 |     expect(count).toBeGreaterThan(0);
          |                   ^
      107 |
      108 |     // All buttons should have visible text
      109 |     for (let i = 0; i < count; i++) {
        at /Volumes/logousb/SSD/Projects/maisonnettev2/frontend/tests/e2e/auth.spec.ts:106:19

    attachment #1: screenshot (image/png) ──────────────────────────────────────────────────────────
    ../../test-results/auth-Login-Page-Accessibility-should-have-accessible-buttons-firefox/test-failed-1.png
    ────────────────────────────────────────────────────────────────────────────────────────────────

    attachment #2: video (video/webm) ──────────────────────────────────────────────────────────────
    ../../test-results/auth-Login-Page-Accessibility-should-have-accessible-buttons-firefox/video.webm
    ────────────────────────────────────────────────────────────────────────────────────────────────

    Error Context: ../../test-results/auth-Login-Page-Accessibility-should-have-accessible-buttons-firefox/error-context.md
]]>
</failure>
</testcase>
<testcase name="Login Page Accessibility › should be responsive on mobile" classname="auth.spec.ts" time="6.099">
<system-err>
<![CDATA[
Warning: attachment auth-Login-Page-Accessibility-should-be-responsive-on-mobile-firefox/test-failed-1.png is missing
Warning: attachment auth-Login-Page-Accessibility-should-be-responsive-on-mobile-firefox/video.webm is missing
Warning: attachment auth-Login-Page-Accessibility-should-be-responsive-on-mobile-firefox/error-context.md is missing]]>
</system-err>
<failure message="expect(locator).toBeVisible() failed" type="expect.toBeVisible">
<![CDATA[  [firefox] › auth.spec.ts:115:3 › Login Page Accessibility › should be responsive on mobile ───────

    Error: expect(locator).toBeVisible() failed

    Locator: locator('h1')
    Expected: visible
    Timeout: 5000ms
    Error: element(s) not found

    Call log:
      - Expect "toBeVisible" with timeout 5000ms
      - waiting for locator('h1')


      118 |     await page.goto('/login');
      119 |
    > 120 |     await expect(page.locator('h1')).toBeVisible();
          |                                      ^
      121 |     await expect(page.locator('button').first()).toBeVisible();
      122 |   });
      123 | });
        at /Volumes/logousb/SSD/Projects/maisonnettev2/frontend/tests/e2e/auth.spec.ts:120:38

    attachment #1: screenshot (image/png) ──────────────────────────────────────────────────────────
    ../../test-results/auth-Login-Page-Accessibility-should-be-responsive-on-mobile-firefox/test-failed-1.png
    ────────────────────────────────────────────────────────────────────────────────────────────────

    attachment #2: video (video/webm) ──────────────────────────────────────────────────────────────
    ../../test-results/auth-Login-Page-Accessibility-should-be-responsive-on-mobile-firefox/video.webm
    ────────────────────────────────────────────────────────────────────────────────────────────────

    Error Context: ../../test-results/auth-Login-Page-Accessibility-should-be-responsive-on-mobile-firefox/error-context.md
]]>
</failure>
</testcase>
</testsuite>
<testsuite name="gites.spec.ts" timestamp="2026-08-23T17:13:04.969Z" hostname="firefox" tests="8" failures="1" skipped="0" time="22.587" errors="0">
<testcase name="Gites Listing › should display gites on home page" classname="gites.spec.ts" time="6.398">
<system-err>
<![CDATA[
Warning: attachment gites-Gites-Listing-should-display-gites-on-home-page-firefox/test-failed-1.png is missing
Warning: attachment gites-Gites-Listing-should-display-gites-on-home-page-firefox/video.webm is missing
Warning: attachment gites-Gites-Listing-should-display-gites-on-home-page-firefox/error-context.md is missing]]>
</system-err>
<failure message="expect(locator).toContainText(expected) failed" type="expect.toContainText">
<![CDATA[  [firefox] › gites.spec.ts:4:3 › Gites Listing › should display gites on home page ────────────────

    Error: expect(locator).toContainText(expected) failed

    Locator: locator('h2')
    Expected substring: "Nos Gîtes"
    Timeout: 5000ms
    Error: element(s) not found

    Call log:
      - Expect "toContainText" with timeout 5000ms
      - waiting for locator('h2')


       6 |
       7 |     // Check for heading
    >  8 |     await expect(page.locator('h2')).toContainText('Nos Gîtes');
         |                                      ^
       9 |
      10 |     // Should either show gites or loading state
      11 |     const giteCards = page.locator('[data-testid="gite-card"]');
        at /Volumes/logousb/SSD/Projects/maisonnettev2/frontend/tests/e2e/gites.spec.ts:8:38

    attachment #1: screenshot (image/png) ──────────────────────────────────────────────────────────
    ../../test-results/gites-Gites-Listing-should-display-gites-on-home-page-firefox/test-failed-1.png
    ────────────────────────────────────────────────────────────────────────────────────────────────

    attachment #2: video (video/webm) ──────────────────────────────────────────────────────────────
    ../../test-results/gites-Gites-Listing-should-display-gites-on-home-page-firefox/video.webm
    ────────────────────────────────────────────────────────────────────────────────────────────────

    Error Context: ../../test-results/gites-Gites-Listing-should-display-gites-on-home-page-firefox/error-context.md
]]>
</failure>
</testcase>
<testcase name="Gites Listing › should navigate to gite detail on click" classname="gites.spec.ts" time="3.399">
</testcase>
<testcase name="Gites Listing › should display gite properties in grid" classname="gites.spec.ts" time="2.995">
</testcase>
<testcase name="Gites Listing › should filter/search gites (if implemented)" classname="gites.spec.ts" time="0.374">
</testcase>
<testcase name="Gite Detail Page › should display gite information" classname="gites.spec.ts" time="2.388">
</testcase>
<testcase name="Gite Detail Page › should display photo gallery" classname="gites.spec.ts" time="3.16">
</testcase>
<testcase name="Gite Detail Page › should have back navigation" classname="gites.spec.ts" time="2.371">
</testcase>
<testcase name="Gite Detail Page › should show 404 for invalid gite" classname="gites.spec.ts" time="1.502">
</testcase>
</testsuite>
<testsuite name="auth.spec.ts" timestamp="2026-08-23T17:13:04.969Z" hostname="webkit" tests="8" failures="6" skipped="0" time="39.862" errors="0">
<testcase name="OIDC Authentication › should show login page when not authenticated" classname="auth.spec.ts" time="8.653">
<system-err>
<![CDATA[
Warning: attachment auth-OIDC-Authentication-s-ff6a5-page-when-not-authenticated-webkit/test-failed-1.png is missing
Warning: attachment auth-OIDC-Authentication-s-ff6a5-page-when-not-authenticated-webkit/video.webm is missing
Warning: attachment auth-OIDC-Authentication-s-ff6a5-page-when-not-authenticated-webkit/error-context.md is missing]]>
</system-err>
<failure message="expect(locator).toContainText(expected) failed" type="expect.toContainText">
<![CDATA[  [webkit] › auth.spec.ts:4:3 › OIDC Authentication › should show login page when not authenticated 

    Error: expect(locator).toContainText(expected) failed

    Locator: locator('h1')
    Expected substring: "maisonnettev2"
    Timeout: 5000ms
    Error: element(s) not found

    Call log:
      - Expect "toContainText" with timeout 5000ms
      - waiting for locator('h1')


       5 |     await page.goto('/login');
       6 |
    >  7 |     await expect(page.locator('h1')).toContainText('maisonnettev2');
         |                                      ^
       8 |     await expect(page.locator('button', { hasText: 'Se connecter avec Email' })).toBeVisible();
       9 |     await expect(page.locator('button', { hasText: 'Google' })).toBeVisible();
      10 |     await expect(page.locator('button', { hasText: 'GitHub' })).toBeVisible();
        at /Volumes/logousb/SSD/Projects/maisonnettev2/frontend/tests/e2e/auth.spec.ts:7:38

    attachment #1: screenshot (image/png) ──────────────────────────────────────────────────────────
    ../../test-results/auth-OIDC-Authentication-s-ff6a5-page-when-not-authenticated-webkit/test-failed-1.png
    ────────────────────────────────────────────────────────────────────────────────────────────────

    attachment #2: video (video/webm) ──────────────────────────────────────────────────────────────
    ../../test-results/auth-OIDC-Authentication-s-ff6a5-page-when-not-authenticated-webkit/video.webm
    ────────────────────────────────────────────────────────────────────────────────────────────────

    Error Context: ../../test-results/auth-OIDC-Authentication-s-ff6a5-page-when-not-authenticated-webkit/error-context.md
]]>
</failure>
</testcase>
<testcase name="OIDC Authentication › should redirect to login when accessing protected page without auth" classname="auth.spec.ts" time="8.529">
<system-err>
<![CDATA[
Warning: attachment auth-OIDC-Authentication-s-d413a-protected-page-without-auth-webkit/test-failed-1.png is missing
Warning: attachment auth-OIDC-Authentication-s-d413a-protected-page-without-auth-webkit/video.webm is missing
Warning: attachment auth-OIDC-Authentication-s-d413a-protected-page-without-auth-webkit/error-context.md is missing]]>
</system-err>
<failure message="expect(locator).toBeVisible() failed" type="expect.toBeVisible">
<![CDATA[  [webkit] › auth.spec.ts:13:3 › OIDC Authentication › should redirect to login when accessing protected page without auth 

    Error: expect(locator).toBeVisible() failed

    Locator: locator('button:has-text("Se connecter")').first()
    Expected: visible
    Timeout: 5000ms
    Error: element(s) not found

    Call log:
      - Expect "toBeVisible" with timeout 5000ms
      - waiting for locator('button:has-text("Se connecter")').first()


      16 |     // Check if redirected or shows login section
      17 |     const loginButton = page.locator('button:has-text("Se connecter")').first();
    > 18 |     await expect(loginButton).toBeVisible({ timeout: 5000 });
         |                               ^
      19 |   });
      20 |
      21 |   test('should display home page when authenticated (mock)', async ({ page }) => {
        at /Volumes/logousb/SSD/Projects/maisonnettev2/frontend/tests/e2e/auth.spec.ts:18:31

    attachment #1: screenshot (image/png) ──────────────────────────────────────────────────────────
    ../../test-results/auth-OIDC-Authentication-s-d413a-protected-page-without-auth-webkit/test-failed-1.png
    ────────────────────────────────────────────────────────────────────────────────────────────────

    attachment #2: video (video/webm) ──────────────────────────────────────────────────────────────
    ../../test-results/auth-OIDC-Authentication-s-d413a-protected-page-without-auth-webkit/video.webm
    ────────────────────────────────────────────────────────────────────────────────────────────────

    Error Context: ../../test-results/auth-OIDC-Authentication-s-d413a-protected-page-without-auth-webkit/error-context.md
]]>
</failure>
</testcase>
<testcase name="OIDC Authentication › should display home page when authenticated (mock)" classname="auth.spec.ts" time="6.934">
<system-err>
<![CDATA[
Warning: attachment auth-OIDC-Authentication-s-8c97b-ge-when-authenticated-mock--webkit/test-failed-1.png is missing
Warning: attachment auth-OIDC-Authentication-s-8c97b-ge-when-authenticated-mock--webkit/video.webm is missing
Warning: attachment auth-OIDC-Authentication-s-8c97b-ge-when-authenticated-mock--webkit/error-context.md is missing]]>
</system-err>
<failure message="expect(locator).toContainText(expected) failed" type="expect.toContainText">
<![CDATA[  [webkit] › auth.spec.ts:21:3 › OIDC Authentication › should display home page when authenticated (mock) 

    Error: expect(locator).toContainText(expected) failed

    Locator: locator('h2')
    Expected substring: "Nos Gîtes"
    Timeout: 5000ms
    Error: element(s) not found

    Call log:
      - Expect "toContainText" with timeout 5000ms
      - waiting for locator('h2')


      25 |
      26 |     // Should see gites heading
    > 27 |     await expect(page.locator('h2')).toContainText('Nos Gîtes');
         |                                      ^
      28 |   });
      29 |
      30 |   test('localStorage should persist after login flow (mock)', async ({ page, context }) => {
        at /Volumes/logousb/SSD/Projects/maisonnettev2/frontend/tests/e2e/auth.spec.ts:27:38

    attachment #1: screenshot (image/png) ──────────────────────────────────────────────────────────
    ../../test-results/auth-OIDC-Authentication-s-8c97b-ge-when-authenticated-mock--webkit/test-failed-1.png
    ────────────────────────────────────────────────────────────────────────────────────────────────

    attachment #2: video (video/webm) ──────────────────────────────────────────────────────────────
    ../../test-results/auth-OIDC-Authentication-s-8c97b-ge-when-authenticated-mock--webkit/video.webm
    ────────────────────────────────────────────────────────────────────────────────────────────────

    Error Context: ../../test-results/auth-OIDC-Authentication-s-8c97b-ge-when-authenticated-mock--webkit/error-context.md
]]>
</failure>
</testcase>
<testcase name="OIDC Authentication › localStorage should persist after login flow (mock)" classname="auth.spec.ts" time="1.415">
</testcase>
<testcase name="OIDC Authentication › should handle logout" classname="auth.spec.ts" time="0.48">
</testcase>
<testcase name="Login Page Accessibility › should have proper heading hierarchy" classname="auth.spec.ts" time="6.362">
<system-err>
<![CDATA[
Warning: attachment auth-Login-Page-Accessibil-252f4-ve-proper-heading-hierarchy-webkit/test-failed-1.png is missing
Warning: attachment auth-Login-Page-Accessibil-252f4-ve-proper-heading-hierarchy-webkit/video.webm is missing
Warning: attachment auth-Login-Page-Accessibil-252f4-ve-proper-heading-hierarchy-webkit/error-context.md is missing]]>
</system-err>
<failure message="expect(locator).toHaveCount(expected) failed" type="expect.toHaveCount">
<![CDATA[  [webkit] › auth.spec.ts:90:3 › Login Page Accessibility › should have proper heading hierarchy ───

    Error: expect(locator).toHaveCount(expected) failed

    Locator:  locator('h1')
    Expected: 1
    Received: 0
    Timeout:  5000ms

    Call log:
      - Expect "toHaveCount" with timeout 5000ms
      - waiting for locator('h1')
        14 × locator resolved to 0 elements
           - unexpected value "0"


      94 |     const h2s = page.locator('h2');
      95 |
    > 96 |     await expect(h1).toHaveCount(1);
         |                      ^
      97 |     await expect(h1).toContainText('maisonnettev2');
      98 |   });
      99 |
        at /Volumes/logousb/SSD/Projects/maisonnettev2/frontend/tests/e2e/auth.spec.ts:96:22

    attachment #1: screenshot (image/png) ──────────────────────────────────────────────────────────
    ../../test-results/auth-Login-Page-Accessibil-252f4-ve-proper-heading-hierarchy-webkit/test-failed-1.png
    ────────────────────────────────────────────────────────────────────────────────────────────────

    attachment #2: video (video/webm) ──────────────────────────────────────────────────────────────
    ../../test-results/auth-Login-Page-Accessibil-252f4-ve-proper-heading-hierarchy-webkit/video.webm
    ────────────────────────────────────────────────────────────────────────────────────────────────

    Error Context: ../../test-results/auth-Login-Page-Accessibil-252f4-ve-proper-heading-hierarchy-webkit/error-context.md
]]>
</failure>
</testcase>
<testcase name="Login Page Accessibility › should have accessible buttons" classname="auth.spec.ts" time="1.139">
<system-err>
<![CDATA[
Warning: attachment auth-Login-Page-Accessibility-should-have-accessible-buttons-webkit/test-failed-1.png is missing
Warning: attachment auth-Login-Page-Accessibility-should-have-accessible-buttons-webkit/video.webm is missing
Warning: attachment auth-Login-Page-Accessibility-should-have-accessible-buttons-webkit/error-context.md is missing]]>
</system-err>
<failure message="expect(received).toBeGreaterThan(expected)" type="expect.toBeGreaterThan">
<![CDATA[  [webkit] › auth.spec.ts:100:3 › Login Page Accessibility › should have accessible buttons ────────

    Error: expect(received).toBeGreaterThan(expected)

    Expected: > 0
    Received:   0

      104 |     const count = await buttons.count();
      105 |
    > 106 |     expect(count).toBeGreaterThan(0);
          |                   ^
      107 |
      108 |     // All buttons should have visible text
      109 |     for (let i = 0; i < count; i++) {
        at /Volumes/logousb/SSD/Projects/maisonnettev2/frontend/tests/e2e/auth.spec.ts:106:19

    attachment #1: screenshot (image/png) ──────────────────────────────────────────────────────────
    ../../test-results/auth-Login-Page-Accessibility-should-have-accessible-buttons-webkit/test-failed-1.png
    ────────────────────────────────────────────────────────────────────────────────────────────────

    attachment #2: video (video/webm) ──────────────────────────────────────────────────────────────
    ../../test-results/auth-Login-Page-Accessibility-should-have-accessible-buttons-webkit/video.webm
    ────────────────────────────────────────────────────────────────────────────────────────────────

    Error Context: ../../test-results/auth-Login-Page-Accessibility-should-have-accessible-buttons-webkit/error-context.md
]]>
</failure>
</testcase>
<testcase name="Login Page Accessibility › should be responsive on mobile" classname="auth.spec.ts" time="6.35">
<system-err>
<![CDATA[
Warning: attachment auth-Login-Page-Accessibility-should-be-responsive-on-mobile-webkit/test-failed-1.png is missing
Warning: attachment auth-Login-Page-Accessibility-should-be-responsive-on-mobile-webkit/video.webm is missing
Warning: attachment auth-Login-Page-Accessibility-should-be-responsive-on-mobile-webkit/error-context.md is missing]]>
</system-err>
<failure message="expect(locator).toBeVisible() failed" type="expect.toBeVisible">
<![CDATA[  [webkit] › auth.spec.ts:115:3 › Login Page Accessibility › should be responsive on mobile ────────

    Error: expect(locator).toBeVisible() failed

    Locator: locator('h1')
    Expected: visible
    Timeout: 5000ms
    Error: element(s) not found

    Call log:
      - Expect "toBeVisible" with timeout 5000ms
      - waiting for locator('h1')


      118 |     await page.goto('/login');
      119 |
    > 120 |     await expect(page.locator('h1')).toBeVisible();
          |                                      ^
      121 |     await expect(page.locator('button').first()).toBeVisible();
      122 |   });
      123 | });
        at /Volumes/logousb/SSD/Projects/maisonnettev2/frontend/tests/e2e/auth.spec.ts:120:38

    attachment #1: screenshot (image/png) ──────────────────────────────────────────────────────────
    ../../test-results/auth-Login-Page-Accessibility-should-be-responsive-on-mobile-webkit/test-failed-1.png
    ────────────────────────────────────────────────────────────────────────────────────────────────

    attachment #2: video (video/webm) ──────────────────────────────────────────────────────────────
    ../../test-results/auth-Login-Page-Accessibility-should-be-responsive-on-mobile-webkit/video.webm
    ────────────────────────────────────────────────────────────────────────────────────────────────

    Error Context: ../../test-results/auth-Login-Page-Accessibility-should-be-responsive-on-mobile-webkit/error-context.md
]]>
</failure>
</testcase>
</testsuite>
<testsuite name="gites.spec.ts" timestamp="2026-08-23T17:13:04.969Z" hostname="webkit" tests="8" failures="1" skipped="0" time="21.193" errors="0">
<testcase name="Gites Listing › should display gites on home page" classname="gites.spec.ts" time="6.319">
<system-err>
<![CDATA[
Warning: attachment gites-Gites-Listing-should-display-gites-on-home-page-webkit/test-failed-1.png is missing
Warning: attachment gites-Gites-Listing-should-display-gites-on-home-page-webkit/video.webm is missing
Warning: attachment gites-Gites-Listing-should-display-gites-on-home-page-webkit/error-context.md is missing]]>
</system-err>
<failure message="expect(locator).toContainText(expected) failed" type="expect.toContainText">
<![CDATA[  [webkit] › gites.spec.ts:4:3 › Gites Listing › should display gites on home page ─────────────────

    Error: expect(locator).toContainText(expected) failed

    Locator: locator('h2')
    Expected substring: "Nos Gîtes"
    Timeout: 5000ms
    Error: element(s) not found

    Call log:
      - Expect "toContainText" with timeout 5000ms
      - waiting for locator('h2')


       6 |
       7 |     // Check for heading
    >  8 |     await expect(page.locator('h2')).toContainText('Nos Gîtes');
         |                                      ^
       9 |
      10 |     // Should either show gites or loading state
      11 |     const giteCards = page.locator('[data-testid="gite-card"]');
        at /Volumes/logousb/SSD/Projects/maisonnettev2/frontend/tests/e2e/gites.spec.ts:8:38

    attachment #1: screenshot (image/png) ──────────────────────────────────────────────────────────
    ../../test-results/gites-Gites-Listing-should-display-gites-on-home-page-webkit/test-failed-1.png
    ────────────────────────────────────────────────────────────────────────────────────────────────

    attachment #2: video (video/webm) ──────────────────────────────────────────────────────────────
    ../../test-results/gites-Gites-Listing-should-display-gites-on-home-page-webkit/video.webm
    ────────────────────────────────────────────────────────────────────────────────────────────────

    Error Context: ../../test-results/gites-Gites-Listing-should-display-gites-on-home-page-webkit/error-context.md
]]>
</failure>
</testcase>
<testcase name="Gites Listing › should navigate to gite detail on click" classname="gites.spec.ts" time="2.804">
</testcase>
<testcase name="Gites Listing › should display gite properties in grid" classname="gites.spec.ts" time="2.805">
</testcase>
<testcase name="Gites Listing › should filter/search gites (if implemented)" classname="gites.spec.ts" time="0.407">
</testcase>
<testcase name="Gite Detail Page › should display gite information" classname="gites.spec.ts" time="2.658">
</testcase>
<testcase name="Gite Detail Page › should display photo gallery" classname="gites.spec.ts" time="2.519">
</testcase>
<testcase name="Gite Detail Page › should have back navigation" classname="gites.spec.ts" time="2.854">
</testcase>
<testcase name="Gite Detail Page › should show 404 for invalid gite" classname="gites.spec.ts" time="0.827">
</testcase>
</testsuite>
<testsuite name="auth.spec.ts" timestamp="2026-08-23T17:13:04.969Z" hostname="Mobile Chrome" tests="8" failures="6" skipped="0" time="27.944" errors="0">
<testcase name="OIDC Authentication › should show login page when not authenticated" classname="auth.spec.ts" time="5.573">
<system-err>
<![CDATA[
Warning: attachment auth-OIDC-Authentication-s-ff6a5-page-when-not-authenticated-Mobile-Chrome/test-failed-1.png is missing
Warning: attachment auth-OIDC-Authentication-s-ff6a5-page-when-not-authenticated-Mobile-Chrome/video.webm is missing
Warning: attachment auth-OIDC-Authentication-s-ff6a5-page-when-not-authenticated-Mobile-Chrome/error-context.md is missing]]>
</system-err>
<failure message="expect(locator).toContainText(expected) failed" type="expect.toContainText">
<![CDATA[  [Mobile Chrome] › auth.spec.ts:4:3 › OIDC Authentication › should show login page when not authenticated 

    Error: expect(locator).toContainText(expected) failed

    Locator: locator('h1')
    Expected substring: "maisonnettev2"
    Timeout: 5000ms
    Error: element(s) not found

    Call log:
      - Expect "toContainText" with timeout 5000ms
      - waiting for locator('h1')


       5 |     await page.goto('/login');
       6 |
    >  7 |     await expect(page.locator('h1')).toContainText('maisonnettev2');
         |                                      ^
       8 |     await expect(page.locator('button', { hasText: 'Se connecter avec Email' })).toBeVisible();
       9 |     await expect(page.locator('button', { hasText: 'Google' })).toBeVisible();
      10 |     await expect(page.locator('button', { hasText: 'GitHub' })).toBeVisible();
        at /Volumes/logousb/SSD/Projects/maisonnettev2/frontend/tests/e2e/auth.spec.ts:7:38

    attachment #1: screenshot (image/png) ──────────────────────────────────────────────────────────
    ../../test-results/auth-OIDC-Authentication-s-ff6a5-page-when-not-authenticated-Mobile-Chrome/test-failed-1.png
    ────────────────────────────────────────────────────────────────────────────────────────────────

    attachment #2: video (video/webm) ──────────────────────────────────────────────────────────────
    ../../test-results/auth-OIDC-Authentication-s-ff6a5-page-when-not-authenticated-Mobile-Chrome/video.webm
    ────────────────────────────────────────────────────────────────────────────────────────────────

    Error Context: ../../test-results/auth-OIDC-Authentication-s-ff6a5-page-when-not-authenticated-Mobile-Chrome/error-context.md
]]>
</failure>
</testcase>
<testcase name="OIDC Authentication › should redirect to login when accessing protected page without auth" classname="auth.spec.ts" time="5.465">
<system-err>
<![CDATA[
Warning: attachment auth-OIDC-Authentication-s-d413a-protected-page-without-auth-Mobile-Chrome/test-failed-1.png is missing
Warning: attachment auth-OIDC-Authentication-s-d413a-protected-page-without-auth-Mobile-Chrome/video.webm is missing
Warning: attachment auth-OIDC-Authentication-s-d413a-protected-page-without-auth-Mobile-Chrome/error-context.md is missing]]>
</system-err>
<failure message="expect(locator).toBeVisible() failed" type="expect.toBeVisible">
<![CDATA[  [Mobile Chrome] › auth.spec.ts:13:3 › OIDC Authentication › should redirect to login when accessing protected page without auth 

    Error: expect(locator).toBeVisible() failed

    Locator: locator('button:has-text("Se connecter")').first()
    Expected: visible
    Timeout: 5000ms
    Error: element(s) not found

    Call log:
      - Expect "toBeVisible" with timeout 5000ms
      - waiting for locator('button:has-text("Se connecter")').first()


      16 |     // Check if redirected or shows login section
      17 |     const loginButton = page.locator('button:has-text("Se connecter")').first();
    > 18 |     await expect(loginButton).toBeVisible({ timeout: 5000 });
         |                               ^
      19 |   });
      20 |
      21 |   test('should display home page when authenticated (mock)', async ({ page }) => {
        at /Volumes/logousb/SSD/Projects/maisonnettev2/frontend/tests/e2e/auth.spec.ts:18:31

    attachment #1: screenshot (image/png) ──────────────────────────────────────────────────────────
    ../../test-results/auth-OIDC-Authentication-s-d413a-protected-page-without-auth-Mobile-Chrome/test-failed-1.png
    ────────────────────────────────────────────────────────────────────────────────────────────────

    attachment #2: video (video/webm) ──────────────────────────────────────────────────────────────
    ../../test-results/auth-OIDC-Authentication-s-d413a-protected-page-without-auth-Mobile-Chrome/video.webm
    ────────────────────────────────────────────────────────────────────────────────────────────────

    Error Context: ../../test-results/auth-OIDC-Authentication-s-d413a-protected-page-without-auth-Mobile-Chrome/error-context.md
]]>
</failure>
</testcase>
<testcase name="OIDC Authentication › should display home page when authenticated (mock)" classname="auth.spec.ts" time="5.289">
<system-err>
<![CDATA[
Warning: attachment auth-OIDC-Authentication-s-8c97b-ge-when-authenticated-mock--Mobile-Chrome/test-failed-1.png is missing
Warning: attachment auth-OIDC-Authentication-s-8c97b-ge-when-authenticated-mock--Mobile-Chrome/video.webm is missing
Warning: attachment auth-OIDC-Authentication-s-8c97b-ge-when-authenticated-mock--Mobile-Chrome/error-context.md is missing]]>
</system-err>
<failure message="expect(locator).toContainText(expected) failed" type="expect.toContainText">
<![CDATA[  [Mobile Chrome] › auth.spec.ts:21:3 › OIDC Authentication › should display home page when authenticated (mock) 

    Error: expect(locator).toContainText(expected) failed

    Locator: locator('h2')
    Expected substring: "Nos Gîtes"
    Timeout: 5000ms
    Error: element(s) not found

    Call log:
      - Expect "toContainText" with timeout 5000ms
      - waiting for locator('h2')


      25 |
      26 |     // Should see gites heading
    > 27 |     await expect(page.locator('h2')).toContainText('Nos Gîtes');
         |                                      ^
      28 |   });
      29 |
      30 |   test('localStorage should persist after login flow (mock)', async ({ page, context }) => {
        at /Volumes/logousb/SSD/Projects/maisonnettev2/frontend/tests/e2e/auth.spec.ts:27:38

    attachment #1: screenshot (image/png) ──────────────────────────────────────────────────────────
    ../../test-results/auth-OIDC-Authentication-s-8c97b-ge-when-authenticated-mock--Mobile-Chrome/test-failed-1.png
    ────────────────────────────────────────────────────────────────────────────────────────────────

    attachment #2: video (video/webm) ──────────────────────────────────────────────────────────────
    ../../test-results/auth-OIDC-Authentication-s-8c97b-ge-when-authenticated-mock--Mobile-Chrome/video.webm
    ────────────────────────────────────────────────────────────────────────────────────────────────

    Error Context: ../../test-results/auth-OIDC-Authentication-s-8c97b-ge-when-authenticated-mock--Mobile-Chrome/error-context.md
]]>
</failure>
</testcase>
<testcase name="OIDC Authentication › localStorage should persist after login flow (mock)" classname="auth.spec.ts" time="0.237">
</testcase>
<testcase name="OIDC Authentication › should handle logout" classname="auth.spec.ts" time="0.191">
</testcase>
<testcase name="Login Page Accessibility › should have proper heading hierarchy" classname="auth.spec.ts" time="5.255">
<system-err>
<![CDATA[
Warning: attachment auth-Login-Page-Accessibil-252f4-ve-proper-heading-hierarchy-Mobile-Chrome/test-failed-1.png is missing
Warning: attachment auth-Login-Page-Accessibil-252f4-ve-proper-heading-hierarchy-Mobile-Chrome/video.webm is missing
Warning: attachment auth-Login-Page-Accessibil-252f4-ve-proper-heading-hierarchy-Mobile-Chrome/error-context.md is missing]]>
</system-err>
<failure message="expect(locator).toHaveCount(expected) failed" type="expect.toHaveCount">
<![CDATA[  [Mobile Chrome] › auth.spec.ts:90:3 › Login Page Accessibility › should have proper heading hierarchy 

    Error: expect(locator).toHaveCount(expected) failed

    Locator:  locator('h1')
    Expected: 1
    Received: 0
    Timeout:  5000ms

    Call log:
      - Expect "toHaveCount" with timeout 5000ms
      - waiting for locator('h1')
        14 × locator resolved to 0 elements
           - unexpected value "0"


      94 |     const h2s = page.locator('h2');
      95 |
    > 96 |     await expect(h1).toHaveCount(1);
         |                      ^
      97 |     await expect(h1).toContainText('maisonnettev2');
      98 |   });
      99 |
        at /Volumes/logousb/SSD/Projects/maisonnettev2/frontend/tests/e2e/auth.spec.ts:96:22

    attachment #1: screenshot (image/png) ──────────────────────────────────────────────────────────
    ../../test-results/auth-Login-Page-Accessibil-252f4-ve-proper-heading-hierarchy-Mobile-Chrome/test-failed-1.png
    ────────────────────────────────────────────────────────────────────────────────────────────────

    attachment #2: video (video/webm) ──────────────────────────────────────────────────────────────
    ../../test-results/auth-Login-Page-Accessibil-252f4-ve-proper-heading-hierarchy-Mobile-Chrome/video.webm
    ────────────────────────────────────────────────────────────────────────────────────────────────

    Error Context: ../../test-results/auth-Login-Page-Accessibil-252f4-ve-proper-heading-hierarchy-Mobile-Chrome/error-context.md
]]>
</failure>
</testcase>
<testcase name="Login Page Accessibility › should have accessible buttons" classname="auth.spec.ts" time="0.373">
<system-err>
<![CDATA[
Warning: attachment auth-Login-Page-Accessibility-should-have-accessible-buttons-Mobile-Chrome/test-failed-1.png is missing
Warning: attachment auth-Login-Page-Accessibility-should-have-accessible-buttons-Mobile-Chrome/video.webm is missing
Warning: attachment auth-Login-Page-Accessibility-should-have-accessible-buttons-Mobile-Chrome/error-context.md is missing]]>
</system-err>
<failure message="expect(received).toBeGreaterThan(expected)" type="expect.toBeGreaterThan">
<![CDATA[  [Mobile Chrome] › auth.spec.ts:100:3 › Login Page Accessibility › should have accessible buttons ─

    Error: expect(received).toBeGreaterThan(expected)

    Expected: > 0
    Received:   0

      104 |     const count = await buttons.count();
      105 |
    > 106 |     expect(count).toBeGreaterThan(0);
          |                   ^
      107 |
      108 |     // All buttons should have visible text
      109 |     for (let i = 0; i < count; i++) {
        at /Volumes/logousb/SSD/Projects/maisonnettev2/frontend/tests/e2e/auth.spec.ts:106:19

    attachment #1: screenshot (image/png) ──────────────────────────────────────────────────────────
    ../../test-results/auth-Login-Page-Accessibility-should-have-accessible-buttons-Mobile-Chrome/test-failed-1.png
    ────────────────────────────────────────────────────────────────────────────────────────────────

    attachment #2: video (video/webm) ──────────────────────────────────────────────────────────────
    ../../test-results/auth-Login-Page-Accessibility-should-have-accessible-buttons-Mobile-Chrome/video.webm
    ────────────────────────────────────────────────────────────────────────────────────────────────

    Error Context: ../../test-results/auth-Login-Page-Accessibility-should-have-accessible-buttons-Mobile-Chrome/error-context.md
]]>
</failure>
</testcase>
<testcase name="Login Page Accessibility › should be responsive on mobile" classname="auth.spec.ts" time="5.561">
<system-err>
<![CDATA[
Warning: attachment auth-Login-Page-Accessibility-should-be-responsive-on-mobile-Mobile-Chrome/test-failed-1.png is missing
Warning: attachment auth-Login-Page-Accessibility-should-be-responsive-on-mobile-Mobile-Chrome/video.webm is missing
Warning: attachment auth-Login-Page-Accessibility-should-be-responsive-on-mobile-Mobile-Chrome/error-context.md is missing]]>
</system-err>
<failure message="expect(locator).toBeVisible() failed" type="expect.toBeVisible">
<![CDATA[  [Mobile Chrome] › auth.spec.ts:115:3 › Login Page Accessibility › should be responsive on mobile ─

    Error: expect(locator).toBeVisible() failed

    Locator: locator('h1')
    Expected: visible
    Timeout: 5000ms
    Error: element(s) not found

    Call log:
      - Expect "toBeVisible" with timeout 5000ms
      - waiting for locator('h1')


      118 |     await page.goto('/login');
      119 |
    > 120 |     await expect(page.locator('h1')).toBeVisible();
          |                                      ^
      121 |     await expect(page.locator('button').first()).toBeVisible();
      122 |   });
      123 | });
        at /Volumes/logousb/SSD/Projects/maisonnettev2/frontend/tests/e2e/auth.spec.ts:120:38

    attachment #1: screenshot (image/png) ──────────────────────────────────────────────────────────
    ../../test-results/auth-Login-Page-Accessibility-should-be-responsive-on-mobile-Mobile-Chrome/test-failed-1.png
    ────────────────────────────────────────────────────────────────────────────────────────────────

    attachment #2: video (video/webm) ──────────────────────────────────────────────────────────────
    ../../test-results/auth-Login-Page-Accessibility-should-be-responsive-on-mobile-Mobile-Chrome/video.webm
    ────────────────────────────────────────────────────────────────────────────────────────────────

    Error Context: ../../test-results/auth-Login-Page-Accessibility-should-be-responsive-on-mobile-Mobile-Chrome/error-context.md
]]>
</failure>
</testcase>
</testsuite>
<testsuite name="gites.spec.ts" timestamp="2026-08-23T17:13:04.969Z" hostname="Mobile Chrome" tests="8" failures="1" skipped="0" time="17.336" errors="0">
<testcase name="Gites Listing › should display gites on home page" classname="gites.spec.ts" time="5.322">
<system-err>
<![CDATA[
Warning: attachment gites-Gites-Listing-should-display-gites-on-home-page-Mobile-Chrome/test-failed-1.png is missing
Warning: attachment gites-Gites-Listing-should-display-gites-on-home-page-Mobile-Chrome/video.webm is missing
Warning: attachment gites-Gites-Listing-should-display-gites-on-home-page-Mobile-Chrome/error-context.md is missing]]>
</system-err>
<failure message="expect(locator).toContainText(expected) failed" type="expect.toContainText">
<![CDATA[  [Mobile Chrome] › gites.spec.ts:4:3 › Gites Listing › should display gites on home page ──────────

    Error: expect(locator).toContainText(expected) failed

    Locator: locator('h2')
    Expected substring: "Nos Gîtes"
    Timeout: 5000ms
    Error: element(s) not found

    Call log:
      - Expect "toContainText" with timeout 5000ms
      - waiting for locator('h2')


       6 |
       7 |     // Check for heading
    >  8 |     await expect(page.locator('h2')).toContainText('Nos Gîtes');
         |                                      ^
       9 |
      10 |     // Should either show gites or loading state
      11 |     const giteCards = page.locator('[data-testid="gite-card"]');
        at /Volumes/logousb/SSD/Projects/maisonnettev2/frontend/tests/e2e/gites.spec.ts:8:38

    attachment #1: screenshot (image/png) ──────────────────────────────────────────────────────────
    ../../test-results/gites-Gites-Listing-should-display-gites-on-home-page-Mobile-Chrome/test-failed-1.png
    ────────────────────────────────────────────────────────────────────────────────────────────────

    attachment #2: video (video/webm) ──────────────────────────────────────────────────────────────
    ../../test-results/gites-Gites-Listing-should-display-gites-on-home-page-Mobile-Chrome/video.webm
    ────────────────────────────────────────────────────────────────────────────────────────────────

    Error Context: ../../test-results/gites-Gites-Listing-should-display-gites-on-home-page-Mobile-Chrome/error-context.md
]]>
</failure>
</testcase>
<testcase name="Gites Listing › should navigate to gite detail on click" classname="gites.spec.ts" time="2.33">
</testcase>
<testcase name="Gites Listing › should display gite properties in grid" classname="gites.spec.ts" time="2.31">
</testcase>
<testcase name="Gites Listing › should filter/search gites (if implemented)" classname="gites.spec.ts" time="0.193">
</testcase>
<testcase name="Gite Detail Page › should display gite information" classname="gites.spec.ts" time="2.295">
</testcase>
<testcase name="Gite Detail Page › should display photo gallery" classname="gites.spec.ts" time="2.213">
</testcase>
<testcase name="Gite Detail Page › should have back navigation" classname="gites.spec.ts" time="2.36">
</testcase>
<testcase name="Gite Detail Page › should show 404 for invalid gite" classname="gites.spec.ts" time="0.313">
</testcase>
</testsuite>
</testsuites>